2025/04/14 22:26:48.593581 [INFO][service] INIT: PLC Port Fingerprint loaded with 4 ports
2025/04/14 22:26:48.593581 [INFO][service] INIT: PLC Subnet is set to 192.168.88.
2025/04/14 22:26:48.593581 [INFO][service] INIT: Starting VPN-ADS Router...
2025/04/14 22:26:48.594081 [INFO][network] PLC DISC: Scanning for PLC...
2025/04/14 22:26:48.594081 [INFO][network] PLC DISC: Attempting to identify PLC with port fingerprint, can be changed in fingerprint file
2025/04/14 22:26:48.744580 [ERROR][network] PLC DISC: Required port 48898 (AMS router) not open on 1
2025/04/14 22:26:48.895082 [ERROR][network] PLC DISC: Required port 48898 (AMS router) not open on 2
2025/04/14 22:26:49.046081 [ERROR][network] PLC DISC: Required port 48898 (AMS router) not open on 3
2025/04/14 22:26:49.196581 [ERROR][network] PLC DISC: Required port 48898 (AMS router) not open on 4
2025/04/14 22:26:49.347084 [ERROR][network] PLC DISC: Required port 48898 (AMS router) not open on 5
2025/04/14 22:26:49.497583 [ERROR][network] PLC DISC: Required port 48898 (AMS router) not open on 6
2025/04/14 22:26:49.648080 [ERROR][network] PLC DISC: Required port 48898 (AMS router) not open on 7
2025/04/14 22:26:49.798582 [ERROR][network] PLC DISC: Required port 48898 (AMS router) not open on 8
2025/04/14 22:26:49.949081 [ERROR][network] PLC DISC: Required port 48898 (AMS router) not open on 9
2025/04/14 22:26:50.099582 [ERROR][network] PLC DISC: Required port 48898 (AMS router) not open on 10
2025/04/14 22:26:50.250083 [ERROR][network] PLC DISC: Required port 48898 (AMS router) not open on 11
2025/04/14 22:26:50.400583 [ERROR][network] PLC DISC: Required port 48898 (AMS router) not open on 12
2025/04/14 22:26:50.551081 [ERROR][network] PLC DISC: Required port 48898 (AMS router) not open on 13
2025/04/14 22:26:50.701581 [ERROR][network] PLC DISC: Required port 48898 (AMS router) not open on 14
2025/04/14 22:26:50.851581 [ERROR][network] PLC DISC: Required port 48898 (AMS router) not open on 15
2025/04/14 22:26:51.002583 [ERROR][network] PLC DISC: Required port 48898 (AMS router) not open on 16
2025/04/14 22:26:51.153081 [ERROR][network] PLC DISC: Required port 48898 (AMS router) not open on 17
2025/04/14 22:26:51.303580 [ERROR][network] PLC DISC: Required port 48898 (AMS router) not open on 18
2025/04/14 22:26:51.454080 [ERROR][network] PLC DISC: Required port 48898 (AMS router) not open on 19
2025/04/14 22:26:51.604581 [ERROR][network] PLC DISC: Required port 48898 (AMS router) not open on 20
2025/04/14 22:26:51.755081 [ERROR][network] PLC DISC: Required port 48898 (AMS router) not open on 21
2025/04/14 22:26:51.905580 [ERROR][network] PLC DISC: Required port 48898 (AMS router) not open on 22
2025/04/14 22:26:52.056080 [ERROR][network] PLC DISC: Required port 48898 (AMS router) not open on 23
2025/04/14 22:26:52.206581 [ERROR][network] PLC DISC: Required port 48898 (AMS router) not open on 24
2025/04/14 22:26:52.357085 [ERROR][network] PLC DISC: Required port 48898 (AMS router) not open on 25
2025/04/14 22:26:52.507585 [ERROR][network] PLC DISC: Required port 48898 (AMS router) not open on 26
2025/04/14 22:26:52.658081 [ERROR][network] PLC DISC: Required port 48898 (AMS router) not open on 27
2025/04/14 22:26:52.808581 [ERROR][network] PLC DISC: Required port 48898 (AMS router) not open on 28
2025/04/14 22:26:52.959082 [ERROR][network] PLC DISC: Required port 48898 (AMS router) not open on 29
2025/04/14 22:26:53.109584 [ERROR][network] PLC DISC: Required port 48898 (AMS router) not open on 30
2025/04/14 22:26:53.260080 [ERROR][network] PLC DISC: Required port 48898 (AMS router) not open on 31
2025/04/14 22:26:53.410582 [ERROR][network] PLC DISC: Required port 48898 (AMS router) not open on 32
2025/04/14 22:26:53.561082 [ERROR][network] PLC DISC: Required port 48898 (AMS router) not open on 33
2025/04/14 22:26:53.711582 [ERROR][network] PLC DISC: Required port 48898 (AMS router) not open on 34
2025/04/14 22:26:53.862081 [ERROR][network] PLC DISC: Required port 48898 (AMS router) not open on 35
2025/04/14 22:26:54.012583 [ERROR][network] PLC DISC: Required port 48898 (AMS router) not open on 36
2025/04/14 22:26:54.163082 [ERROR][network] PLC DISC: Required port 48898 (AMS router) not open on 37
2025/04/14 22:26:54.313582 [ERROR][network] PLC DISC: Required port 48898 (AMS router) not open on 38
2025/04/14 22:26:54.464081 [ERROR][network] PLC DISC: Required port 48898 (AMS router) not open on 39
2025/04/14 22:26:54.614581 [ERROR][network] PLC DISC: Required port 48898 (AMS router) not open on 40
2025/04/14 22:26:54.765080 [ERROR][network] PLC DISC: Required port 48898 (AMS router) not open on 41
2025/04/14 22:26:54.915583 [ERROR][network] PLC DISC: Required port 48898 (AMS router) not open on 42
2025/04/14 22:26:55.066080 [ERROR][network] PLC DISC: Required port 48898 (AMS router) not open on 43
2025/04/14 22:26:55.217083 [ERROR][network] PLC DISC: Required port 48898 (AMS router) not open on 44
2025/04/14 22:26:55.367586 [ERROR][network] PLC DISC: Required port 48898 (AMS router) not open on 45
2025/04/14 22:26:55.518083 [ERROR][network] PLC DISC: Required port 48898 (AMS router) not open on 46
2025/04/14 22:26:55.669080 [ERROR][network] PLC DISC: Required port 48898 (AMS router) not open on 47
2025/04/14 22:26:55.819582 [ERROR][network] PLC DISC: Required port 48898 (AMS router) not open on 48
2025/04/14 22:26:55.970081 [ERROR][network] PLC DISC: Required port 48898 (AMS router) not open on 49
2025/04/14 22:26:56.120582 [ERROR][network] PLC DISC: Required port 48898 (AMS router) not open on 50
2025/04/14 22:26:56.271082 [ERROR][network] PLC DISC: Required port 48898 (AMS router) not open on 51
2025/04/14 22:26:56.421582 [ERROR][network] PLC DISC: Required port 48898 (AMS router) not open on 52
2025/04/14 22:26:56.572081 [ERROR][network] PLC DISC: Required port 48898 (AMS router) not open on 53
2025/04/14 22:26:56.722584 [ERROR][network] PLC DISC: Required port 48898 (AMS router) not open on 54
2025/04/14 22:26:56.873081 [ERROR][network] PLC DISC: Required port 48898 (AMS router) not open on 55
2025/04/14 22:26:57.023582 [ERROR][network] PLC DISC: Required port 48898 (AMS router) not open on 56
2025/04/14 22:26:57.174081 [ERROR][network] PLC DISC: Required port 48898 (AMS router) not open on 57
2025/04/14 22:26:57.324580 [ERROR][network] PLC DISC: Required port 48898 (AMS router) not open on 58
2025/04/14 22:26:57.475081 [ERROR][network] PLC DISC: Required port 48898 (AMS router) not open on 59
2025/04/14 22:26:57.625082 [ERROR][network] PLC DISC: Required port 48898 (AMS router) not open on 60
2025/04/14 22:26:57.775583 [ERROR][network] PLC DISC: Required port 48898 (AMS router) not open on 61
2025/04/14 22:26:57.926080 [ERROR][network] PLC DISC: Required port 48898 (AMS router) not open on 62
2025/04/14 22:26:58.076581 [ERROR][network] PLC DISC: Required port 48898 (AMS router) not open on 63
2025/04/14 22:26:58.227081 [ERROR][network] PLC DISC: Required port 48898 (AMS router) not open on 64
2025/04/14 22:26:58.377580 [ERROR][network] PLC DISC: Required port 48898 (AMS router) not open on 65
2025/04/14 22:26:58.528080 [ERROR][network] PLC DISC: Required port 48898 (AMS router) not open on 66
2025/04/14 22:26:58.678580 [ERROR][network] PLC DISC: Required port 48898 (AMS router) not open on 67
2025/04/14 22:26:58.829081 [ERROR][network] PLC DISC: Required port 48898 (AMS router) not open on 68
2025/04/14 22:26:58.979605 [ERROR][network] PLC DISC: Required port 48898 (AMS router) not open on 69
2025/04/14 22:26:59.130080 [ERROR][network] PLC DISC: Required port 48898 (AMS router) not open on 70
2025/04/14 22:26:59.280582 [ERROR][network] PLC DISC: Required port 48898 (AMS router) not open on 71
2025/04/14 22:26:59.431080 [ERROR][network] PLC DISC: Required port 48898 (AMS router) not open on 72
2025/04/14 22:26:59.581581 [ERROR][network] PLC DISC: Required port 48898 (AMS router) not open on 73
2025/04/14 22:26:59.732081 [ERROR][network] PLC DISC: Required port 48898 (AMS router) not open on 74
2025/04/14 22:26:59.882582 [ERROR][network] PLC DISC: Required port 48898 (AMS router) not open on 75
2025/04/14 22:27:00.033082 [ERROR][network] PLC DISC: Required port 48898 (AMS router) not open on 76
2025/04/14 22:27:00.184081 [ERROR][network] PLC DISC: Required port 48898 (AMS router) not open on 77
2025/04/14 22:27:00.334581 [ERROR][network] PLC DISC: Required port 48898 (AMS router) not open on 78
2025/04/14 22:27:00.485081 [ERROR][network] PLC DISC: Required port 48898 (AMS router) not open on 79
2025/04/14 22:27:00.635580 [ERROR][network] PLC DISC: Required port 48898 (AMS router) not open on 80
2025/04/14 22:27:00.786080 [ERROR][network] PLC DISC: Required port 48898 (AMS router) not open on 81
2025/04/14 22:27:00.936580 [ERROR][network] PLC DISC: Required port 48898 (AMS router) not open on 82
2025/04/14 22:27:01.087080 [ERROR][network] PLC DISC: Required port 48898 (AMS router) not open on 83
2025/04/14 22:27:01.237581 [ERROR][network] PLC DISC: Required port 48898 (AMS router) not open on 84
2025/04/14 22:27:01.388081 [ERROR][network] PLC DISC: Required port 48898 (AMS router) not open on 85
2025/04/14 22:27:01.538586 [ERROR][network] PLC DISC: Required port 48898 (AMS router) not open on 86
2025/04/14 22:27:01.689080 [ERROR][network] PLC DISC: Required port 48898 (AMS router) not open on 87
2025/04/14 22:27:01.839582 [ERROR][network] PLC DISC: Required port 48898 (AMS router) not open on 88
2025/04/14 22:27:01.990085 [ERROR][network] PLC DISC: Required port 48898 (AMS router) not open on 89
2025/04/14 22:27:02.140584 [ERROR][network] PLC DISC: Required port 48898 (AMS router) not open on 90
2025/04/14 22:27:02.290584 [ERROR][network] PLC DISC: Required port 48898 (AMS router) not open on 91
2025/04/14 22:27:02.441581 [ERROR][network] PLC DISC: Required port 48898 (AMS router) not open on 92
2025/04/14 22:27:02.592083 [ERROR][network] PLC DISC: Required port 48898 (AMS router) not open on 93
2025/04/14 22:27:02.742581 [ERROR][network] PLC DISC: Required port 48898 (AMS router) not open on 94
2025/04/14 22:27:02.893082 [ERROR][network] PLC DISC: Required port 48898 (AMS router) not open on 95
2025/04/14 22:27:03.043581 [ERROR][network] PLC DISC: Required port 48898 (AMS router) not open on 96
2025/04/14 22:27:03.194080 [ERROR][network] PLC DISC: Required port 48898 (AMS router) not open on 97
2025/04/14 22:27:03.344581 [ERROR][network] PLC DISC: Required port 48898 (AMS router) not open on 98
2025/04/14 22:27:03.495080 [ERROR][network] PLC DISC: Required port 48898 (AMS router) not open on 99
2025/04/14 22:27:03.645580 [ERROR][network] PLC DISC: Required port 48898 (AMS router) not open on 100
2025/04/14 22:27:03.796080 [ERROR][network] PLC DISC: Required port 48898 (AMS router) not open on 101
2025/04/14 22:27:03.946583 [ERROR][network] PLC DISC: Required port 48898 (AMS router) not open on 102
2025/04/14 22:27:04.097081 [ERROR][network] PLC DISC: Required port 48898 (AMS router) not open on 103
2025/04/14 22:27:04.247580 [ERROR][network] PLC DISC: Required port 48898 (AMS router) not open on 104
2025/04/14 22:27:04.398081 [ERROR][network] PLC DISC: Required port 48898 (AMS router) not open on 105
2025/04/14 22:27:04.548581 [ERROR][network] PLC DISC: Required port 48898 (AMS router) not open on 106
2025/04/14 22:27:04.699081 [ERROR][network] PLC DISC: Required port 48898 (AMS router) not open on 107
2025/04/14 22:27:04.849583 [ERROR][network] PLC DISC: Required port 48898 (AMS router) not open on 108
2025/04/14 22:27:05.000081 [ERROR][network] PLC DISC: Required port 48898 (AMS router) not open on 109
2025/04/14 22:27:05.151082 [ERROR][network] PLC DISC: Required port 48898 (AMS router) not open on 110
2025/04/14 22:27:05.302081 [ERROR][network] PLC DISC: Required port 48898 (AMS router) not open on 111
2025/04/14 22:27:05.452582 [ERROR][network] PLC DISC: Required port 48898 (AMS router) not open on 112
2025/04/14 22:27:05.603581 [ERROR][network] PLC DISC: Required port 48898 (AMS router) not open on 113
2025/04/14 22:27:05.754080 [ERROR][network] PLC DISC: Required port 48898 (AMS router) not open on 114
2025/04/14 22:27:05.904583 [ERROR][network] PLC DISC: Required port 48898 (AMS router) not open on 115
2025/04/14 22:27:06.055080 [ERROR][network] PLC DISC: Required port 48898 (AMS router) not open on 116
2025/04/14 22:27:06.205581 [ERROR][network] PLC DISC: Required port 48898 (AMS router) not open on 117
2025/04/14 22:27:06.356081 [ERROR][network] PLC DISC: Required port 48898 (AMS router) not open on 118
2025/04/14 22:27:06.506581 [ERROR][network] PLC DISC: Required port 48898 (AMS router) not open on 119
2025/04/14 22:27:06.657081 [ERROR][network] PLC DISC: Required port 48898 (AMS router) not open on 120
2025/04/14 22:27:06.807582 [ERROR][network] PLC DISC: Required port 48898 (AMS router) not open on 121
2025/04/14 22:27:06.958080 [ERROR][network] PLC DISC: Required port 48898 (AMS router) not open on 122
2025/04/14 22:27:07.143580 [ERROR][network] PLC DISC: Required port 48898 (AMS router) not open on 123
2025/04/14 22:27:07.294080 [ERROR][network] PLC DISC: Required port 48898 (AMS router) not open on 124
2025/04/14 22:27:07.444580 [ERROR][network] PLC DISC: Required port 48898 (AMS router) not open on 125
2025/04/14 22:27:07.595082 [ERROR][network] PLC DISC: Required port 48898 (AMS router) not open on 126
2025/04/14 22:27:07.745581 [ERROR][network] PLC DISC: Required port 48898 (AMS router) not open on 127
2025/04/14 22:27:07.896081 [ERROR][network] PLC DISC: Required port 48898 (AMS router) not open on 128
2025/04/14 22:27:08.046580 [ERROR][network] PLC DISC: Required port 48898 (AMS router) not open on 129
2025/04/14 22:27:08.197081 [ERROR][network] PLC DISC: Required port 48898 (AMS router) not open on 130
2025/04/14 22:27:08.365084 [ERROR][network] PLC DISC: Required port 48898 (AMS router) not open on 131
2025/04/14 22:27:08.515581 [ERROR][network] PLC DISC: Required port 48898 (AMS router) not open on 132
2025/04/14 22:27:08.666082 [ERROR][network] PLC DISC: Required port 48898 (AMS router) not open on 133
2025/04/14 22:27:08.816583 [ERROR][network] PLC DISC: Required port 48898 (AMS router) not open on 134
2025/04/14 22:27:08.967083 [ERROR][network] PLC DISC: Required port 48898 (AMS router) not open on 135
2025/04/14 22:27:09.117584 [ERROR][network] PLC DISC: Required port 48898 (AMS router) not open on 136
2025/04/14 22:27:09.268083 [ERROR][network] PLC DISC: Required port 48898 (AMS router) not open on 137
2025/04/14 22:27:09.418581 [ERROR][network] PLC DISC: Required port 48898 (AMS router) not open on 138
2025/04/14 22:27:09.569080 [ERROR][network] PLC DISC: Required port 48898 (AMS router) not open on 139
2025/04/14 22:27:09.719583 [ERROR][network] PLC DISC: Required port 48898 (AMS router) not open on 140
2025/04/14 22:27:09.870084 [ERROR][network] PLC DISC: Required port 48898 (AMS router) not open on 141
2025/04/14 22:27:10.020581 [ERROR][network] PLC DISC: Required port 48898 (AMS router) not open on 142
2025/04/14 22:27:10.171082 [ERROR][network] PLC DISC: Required port 48898 (AMS router) not open on 143
2025/04/14 22:27:10.321580 [ERROR][network] PLC DISC: Required port 48898 (AMS router) not open on 144
2025/04/14 22:27:10.472083 [ERROR][network] PLC DISC: Required port 48898 (AMS router) not open on 145
2025/04/14 22:27:10.622581 [ERROR][network] PLC DISC: Required port 48898 (AMS router) not open on 146
2025/04/14 22:27:10.773080 [ERROR][network] PLC DISC: Required port 48898 (AMS router) not open on 147
2025/04/14 22:27:10.923583 [ERROR][network] PLC DISC: Required port 48898 (AMS router) not open on 148
2025/04/14 22:27:11.074080 [ERROR][network] PLC DISC: Required port 48898 (AMS router) not open on 149
2025/04/14 22:27:11.224581 [ERROR][network] PLC DISC: Required port 48898 (AMS router) not open on 150
2025/04/14 22:27:11.375084 [ERROR][network] PLC DISC: Required port 48898 (AMS router) not open on 151
2025/04/14 22:27:11.525583 [ERROR][network] PLC DISC: Required port 48898 (AMS router) not open on 152
2025/04/14 22:27:11.676082 [ERROR][network] PLC DISC: Required port 48898 (AMS router) not open on 153
2025/04/14 22:27:11.826582 [ERROR][network] PLC DISC: Required port 48898 (AMS router) not open on 154
2025/04/14 22:27:11.977080 [ERROR][network] PLC DISC: Required port 48898 (AMS router) not open on 155
2025/04/14 22:27:12.127580 [ERROR][network] PLC DISC: Required port 48898 (AMS router) not open on 156
2025/04/14 22:27:12.278082 [ERROR][network] PLC DISC: Required port 48898 (AMS router) not open on 157
2025/04/14 22:27:12.428581 [ERROR][network] PLC DISC: Required port 48898 (AMS router) not open on 158
2025/04/14 22:27:12.579082 [ERROR][network] PLC DISC: Required port 48898 (AMS router) not open on 159
2025/04/14 22:27:12.729582 [ERROR][network] PLC DISC: Required port 48898 (AMS router) not open on 160
2025/04/14 22:27:12.880080 [ERROR][network] PLC DISC: Required port 48898 (AMS router) not open on 161
2025/04/14 22:27:13.030581 [ERROR][network] PLC DISC: Required port 48898 (AMS router) not open on 162
2025/04/14 22:27:13.181082 [ERROR][network] PLC DISC: Required port 48898 (AMS router) not open on 163
2025/04/14 22:27:13.331580 [ERROR][network] PLC DISC: Required port 48898 (AMS router) not open on 164
2025/04/14 22:27:13.481582 [ERROR][network] PLC DISC: Required port 48898 (AMS router) not open on 165
2025/04/14 22:27:13.632082 [ERROR][network] PLC DISC: Required port 48898 (AMS router) not open on 166
2025/04/14 22:27:13.782580 [ERROR][network] PLC DISC: Required port 48898 (AMS router) not open on 167
2025/04/14 22:27:13.933584 [ERROR][network] PLC DISC: Required port 48898 (AMS router) not open on 168
2025/04/14 22:27:14.084081 [ERROR][network] PLC DISC: Required port 48898 (AMS router) not open on 169
2025/04/14 22:27:14.234582 [ERROR][network] PLC DISC: Required port 48898 (AMS router) not open on 170
2025/04/14 22:27:14.385083 [ERROR][network] PLC DISC: Required port 48898 (AMS router) not open on 171
2025/04/14 22:27:14.535580 [ERROR][network] PLC DISC: Required port 48898 (AMS router) not open on 172
2025/04/14 22:27:14.686081 [ERROR][network] PLC DISC: Required port 48898 (AMS router) not open on 173
2025/04/14 22:27:14.836581 [ERROR][network] PLC DISC: Required port 48898 (AMS router) not open on 174
2025/04/14 22:27:14.987080 [ERROR][network] PLC DISC: Required port 48898 (AMS router) not open on 175
2025/04/14 22:27:15.137581 [ERROR][network] PLC DISC: Required port 48898 (AMS router) not open on 176
2025/04/14 22:27:15.288082 [ERROR][network] PLC DISC: Required port 48898 (AMS router) not open on 177
2025/04/14 22:27:15.438581 [ERROR][network] PLC DISC: Required port 48898 (AMS router) not open on 178
2025/04/14 22:27:15.589081 [ERROR][network] PLC DISC: Required port 48898 (AMS router) not open on 179
2025/04/14 22:27:15.739582 [ERROR][network] PLC DISC: Required port 48898 (AMS router) not open on 180
2025/04/14 22:27:15.890081 [ERROR][network] PLC DISC: Required port 48898 (AMS router) not open on 181
2025/04/14 22:27:16.040581 [ERROR][network] PLC DISC: Required port 48898 (AMS router) not open on 182
2025/04/14 22:27:16.191081 [ERROR][network] PLC DISC: Required port 48898 (AMS router) not open on 183
2025/04/14 22:27:16.341581 [ERROR][network] PLC DISC: Required port 48898 (AMS router) not open on 184
2025/04/14 22:27:16.492082 [ERROR][network] PLC DISC: Required port 48898 (AMS router) not open on 185
2025/04/14 22:27:16.642581 [ERROR][network] PLC DISC: Required port 48898 (AMS router) not open on 186
2025/04/14 22:27:16.793081 [ERROR][network] PLC DISC: Required port 48898 (AMS router) not open on 187
2025/04/14 22:27:16.943581 [ERROR][network] PLC DISC: Required port 48898 (AMS router) not open on 188
2025/04/14 22:27:17.094082 [ERROR][network] PLC DISC: Required port 48898 (AMS router) not open on 189
2025/04/14 22:27:17.244580 [ERROR][network] PLC DISC: Required port 48898 (AMS router) not open on 190
2025/04/14 22:27:17.395083 [ERROR][network] PLC DISC: Required port 48898 (AMS router) not open on 191
2025/04/14 22:27:17.545580 [ERROR][network] PLC DISC: Required port 48898 (AMS router) not open on 192
2025/04/14 22:27:17.696083 [ERROR][network] PLC DISC: Required port 48898 (AMS router) not open on 193
2025/04/14 22:27:17.846581 [ERROR][network] PLC DISC: Required port 48898 (AMS router) not open on 194
2025/04/14 22:27:17.997082 [ERROR][network] PLC DISC: Required port 48898 (AMS router) not open on 195
2025/04/14 22:27:18.147590 [ERROR][network] PLC DISC: Required port 48898 (AMS router) not open on 196
2025/04/14 22:27:18.298080 [ERROR][network] PLC DISC: Required port 48898 (AMS router) not open on 197
2025/04/14 22:27:18.448581 [ERROR][network] PLC DISC: Required port 48898 (AMS router) not open on 198
2025/04/14 22:27:18.599081 [ERROR][network] PLC DISC: Required port 48898 (AMS router) not open on 199
2025/04/14 22:27:18.749591 [ERROR][network] PLC DISC: Required port 48898 (AMS router) not open on 200
2025/04/14 22:27:18.900582 [ERROR][network] PLC DISC: Required port 48898 (AMS router) not open on 201
2025/04/14 22:27:19.051081 [ERROR][network] PLC DISC: Required port 48898 (AMS router) not open on 202
2025/04/14 22:27:19.201082 [ERROR][network] PLC DISC: Required port 48898 (AMS router) not open on 203
2025/04/14 22:27:19.351581 [ERROR][network] PLC DISC: Required port 48898 (AMS router) not open on 204
2025/04/14 22:27:19.502082 [ERROR][network] PLC DISC: Required port 48898 (AMS router) not open on 205
2025/04/14 22:27:19.652585 [ERROR][network] PLC DISC: Required port 48898 (AMS router) not open on 206
2025/04/14 22:27:19.803080 [ERROR][network] PLC DISC: Required port 48898 (AMS router) not open on 207
2025/04/14 22:27:19.953582 [ERROR][network] PLC DISC: Required port 48898 (AMS router) not open on 208
2025/04/14 22:27:20.104082 [ERROR][network] PLC DISC: Required port 48898 (AMS router) not open on 209
2025/04/14 22:27:20.254580 [ERROR][network] PLC DISC: Required port 48898 (AMS router) not open on 210
2025/04/14 22:27:20.405081 [ERROR][network] PLC DISC: Required port 48898 (AMS router) not open on 211
2025/04/14 22:27:20.555580 [ERROR][network] PLC DISC: Required port 48898 (AMS router) not open on 212
2025/04/14 22:27:20.706080 [ERROR][network] PLC DISC: Required port 48898 (AMS router) not open on 213
2025/04/14 22:27:20.856581 [ERROR][network] PLC DISC: Required port 48898 (AMS router) not open on 214
2025/04/14 22:27:21.007085 [ERROR][network] PLC DISC: Required port 48898 (AMS router) not open on 215
2025/04/14 22:27:21.157581 [ERROR][network] PLC DISC: Required port 48898 (AMS router) not open on 216
2025/04/14 22:27:21.308081 [ERROR][network] PLC DISC: Required port 48898 (AMS router) not open on 217
2025/04/14 22:27:21.458582 [ERROR][network] PLC DISC: Required port 48898 (AMS router) not open on 218
2025/04/14 22:27:21.609080 [ERROR][network] PLC DISC: Required port 48898 (AMS router) not open on 219
2025/04/14 22:27:21.759585 [ERROR][network] PLC DISC: Required port 48898 (AMS router) not open on 220
2025/04/14 22:27:21.910083 [ERROR][network] PLC DISC: Required port 48898 (AMS router) not open on 221
2025/04/14 22:27:22.060581 [ERROR][network] PLC DISC: Required port 48898 (AMS router) not open on 222
2025/04/14 22:27:22.211086 [ERROR][network] PLC DISC: Required port 48898 (AMS router) not open on 223
2025/04/14 22:27:22.361580 [ERROR][network] PLC DISC: Required port 48898 (AMS router) not open on 224
2025/04/14 22:27:22.512084 [ERROR][network] PLC DISC: Required port 48898 (AMS router) not open on 225
2025/04/14 22:27:22.662581 [ERROR][network] PLC DISC: Required port 48898 (AMS router) not open on 226
2025/04/14 22:27:22.812582 [ERROR][network] PLC DISC: Required port 48898 (AMS router) not open on 227
2025/04/14 22:27:22.963082 [ERROR][network] PLC DISC: Required port 48898 (AMS router) not open on 228
2025/04/14 22:27:23.113582 [ERROR][network] PLC DISC: Required port 48898 (AMS router) not open on 229
2025/04/14 22:27:23.264084 [ERROR][network] PLC DISC: Required port 48898 (AMS router) not open on 230
2025/04/14 22:27:23.496083 [ERROR][network] PLC DISC: Required port 48898 (AMS router) not open on 231
2025/04/14 22:27:23.646581 [ERROR][network] PLC DISC: Required port 48898 (AMS router) not open on 232
2025/04/14 22:27:23.797085 [ERROR][network] PLC DISC: Required port 48898 (AMS router) not open on 233
2025/04/14 22:27:23.947580 [ERROR][network] PLC DISC: Required port 48898 (AMS router) not open on 234
2025/04/14 22:27:24.098081 [ERROR][network] PLC DISC: Required port 48898 (AMS router) not open on 235
2025/04/14 22:27:24.248583 [ERROR][network] PLC DISC: Required port 48898 (AMS router) not open on 236
2025/04/14 22:27:24.399081 [ERROR][network] PLC DISC: Required port 48898 (AMS router) not open on 237
2025/04/14 22:27:24.549583 [ERROR][network] PLC DISC: Required port 48898 (AMS router) not open on 238
2025/04/14 22:27:24.700081 [ERROR][network] PLC DISC: Required port 48898 (AMS router) not open on 239
2025/04/14 22:27:24.851081 [ERROR][network] PLC DISC: Required port 48898 (AMS router) not open on 240
2025/04/14 22:27:25.001581 [ERROR][network] PLC DISC: Required port 48898 (AMS router) not open on 241
2025/04/14 22:27:25.152581 [ERROR][network] PLC DISC: Required port 48898 (AMS router) not open on 242
2025/04/14 22:27:25.303081 [ERROR][network] PLC DISC: Required port 48898 (AMS router) not open on 243
2025/04/14 22:27:25.453584 [ERROR][network] PLC DISC: Required port 48898 (AMS router) not open on 244
2025/04/14 22:27:25.604081 [ERROR][network] PLC DISC: Required port 48898 (AMS router) not open on 245
2025/04/14 22:27:25.754581 [ERROR][network] PLC DISC: Required port 48898 (AMS router) not open on 246
2025/04/14 22:27:25.905080 [ERROR][network] PLC DISC: Required port 48898 (AMS router) not open on 247
2025/04/14 22:27:26.055581 [ERROR][network] PLC DISC: Required port 48898 (AMS router) not open on 248
2025/04/14 22:27:26.206082 [ERROR][network] PLC DISC: Required port 48898 (AMS router) not open on 249
2025/04/14 22:27:26.356580 [ERROR][network] PLC DISC: Required port 48898 (AMS router) not open on 250
2025/04/14 22:27:26.507080 [ERROR][network] PLC DISC: Required port 48898 (AMS router) not open on 251
2025/04/14 22:27:26.657581 [ERROR][network] PLC DISC: Required port 48898 (AMS router) not open on 252
2025/04/14 22:27:26.808080 [ERROR][network] PLC DISC: Required port 48898 (AMS router) not open on 253
2025/04/14 22:27:26.958582 [ERROR][network] PLC DISC: Required port 48898 (AMS router) not open on 254
2025/04/14 22:27:26.958582 [FATAL][network] PLC DISC: No PLC found with fingerprint on subnet 
